2024-08-19 21:31:29,947 - INFO - Created vocabulary
2024-08-19 21:31:29,947 - INFO - Finished initializing nlp object
2024-08-19 21:31:31,182 - INFO - Iteration 1, Losses: {'ner': 2128.096123844385}
2024-08-19 21:31:32,232 - INFO - Iteration 2, Losses: {'ner': 1271.2254772507586}
2024-08-19 21:31:33,249 - INFO - Iteration 3, Losses: {'ner': 526.3614962369111}
2024-08-19 21:31:34,271 - INFO - Iteration 4, Losses: {'ner': 206.12084228373305}
2024-08-19 21:31:35,285 - INFO - Iteration 5, Losses: {'ner': 80.44275963791165}
2024-08-19 21:31:36,349 - INFO - Iteration 6, Losses: {'ner': 39.98538897273902}
2024-08-19 21:31:37,398 - INFO - Iteration 7, Losses: {'ner': 92.30159171829628}
2024-08-19 21:31:38,430 - INFO - Iteration 8, Losses: {'ner': 7.187816124860891}
2024-08-19 21:31:39,415 - INFO - Iteration 9, Losses: {'ner': 59.388713316457164}
2024-08-19 21:31:40,371 - INFO - Iteration 10, Losses: {'ner': 37.199752668069195}
2024-08-19 21:31:41,403 - INFO - Iteration 11, Losses: {'ner': 45.10085691309684}
2024-08-19 21:31:42,357 - INFO - Iteration 12, Losses: {'ner': 1.117897520820227}
2024-08-19 21:31:43,310 - INFO - Iteration 13, Losses: {'ner': 0.8784392513032913}
2024-08-19 21:31:44,279 - INFO - Iteration 14, Losses: {'ner': 2.1027314753045445}
2024-08-19 21:31:45,218 - INFO - Iteration 15, Losses: {'ner': 2.755533223549292}
2024-08-19 21:31:46,205 - INFO - Iteration 16, Losses: {'ner': 0.4424874319497915}
2024-08-19 21:31:47,190 - INFO - Iteration 17, Losses: {'ner': 1.250719809827769}
2024-08-19 21:31:48,175 - INFO - Iteration 18, Losses: {'ner': 0.7126960836646438}
2024-08-19 21:31:49,194 - INFO - Iteration 19, Losses: {'ner': 0.004856080477376052}
2024-08-19 21:31:50,196 - INFO - Iteration 20, Losses: {'ner': 1.3037355056491384}
2024-08-19 21:31:51,261 - INFO - Iteration 21, Losses: {'ner': 0.00024768498917916026}
2024-08-19 21:31:52,278 - INFO - Iteration 22, Losses: {'ner': 2.02815994028419}
2024-08-19 21:31:53,300 - INFO - Iteration 23, Losses: {'ner': 0.06914526327738996}
2024-08-19 21:31:54,296 - INFO - Iteration 24, Losses: {'ner': 0.005281951609083411}
2024-08-19 21:31:55,249 - INFO - Iteration 25, Losses: {'ner': 0.03441776285557115}
2024-08-19 21:31:56,282 - INFO - Iteration 26, Losses: {'ner': 0.00045324692651140756}
2024-08-19 21:31:56,282 - INFO - Early stopping: No improvement in loss for the last 5 iterations.
2024-08-19 21:31:56,409 - ERROR - Error extracting entities from CSV: [E1041] Expected a string, Doc, or bytes as input, but got: <class 'float'>
2024-08-19 21:31:56,409 - INFO - Entities extracted and saved to: C:\Users\Vishwas\Desktop\Interview docs\Vanilla Steel\supplier_data_standardization_for_metal_trading\data\final_combined_output_with_entities.csv
