2024-08-19 21:28:29,868 - INFO - Created vocabulary
2024-08-19 21:28:29,868 - INFO - Finished initializing nlp object
2024-08-19 21:28:31,107 - INFO - Iteration 1, Losses: {'ner': 2282.4844642579556}
2024-08-19 21:28:32,171 - INFO - Iteration 2, Losses: {'ner': 1007.5975013445013}
2024-08-19 21:28:33,188 - INFO - Iteration 3, Losses: {'ner': 354.8861446308659}
2024-08-19 21:28:34,285 - INFO - Iteration 4, Losses: {'ner': 295.81090223019675}
2024-08-19 21:28:35,317 - INFO - Iteration 5, Losses: {'ner': 58.40529342607402}
2024-08-19 21:28:36,367 - INFO - Iteration 6, Losses: {'ner': 49.4412199289968}
2024-08-19 21:28:37,386 - INFO - Iteration 7, Losses: {'ner': 62.36522093647706}
2024-08-19 21:28:38,341 - INFO - Iteration 8, Losses: {'ner': 60.38893081067695}
2024-08-19 21:28:39,506 - INFO - Iteration 9, Losses: {'ner': 18.41527308049508}
2024-08-19 21:28:40,591 - INFO - Iteration 10, Losses: {'ner': 17.718554197201794}
2024-08-19 21:28:42,482 - INFO - Iteration 11, Losses: {'ner': 44.58406094633719}
2024-08-19 21:28:44,787 - INFO - Iteration 12, Losses: {'ner': 5.231874169549285}
2024-08-19 21:28:46,086 - INFO - Iteration 13, Losses: {'ner': 2.877384245683816}
2024-08-19 21:28:47,560 - INFO - Iteration 14, Losses: {'ner': 5.105736671003303}
2024-08-19 21:28:48,635 - INFO - Iteration 15, Losses: {'ner': 5.8383129061406684}
2024-08-19 21:28:49,842 - INFO - Iteration 16, Losses: {'ner': 1.9437795278629308}
2024-08-19 21:28:51,380 - INFO - Iteration 17, Losses: {'ner': 0.22786696467603496}
2024-08-19 21:28:52,414 - INFO - Iteration 18, Losses: {'ner': 0.5326825133082057}
2024-08-19 21:28:53,436 - INFO - Iteration 19, Losses: {'ner': 6.928576519483085}
2024-08-19 21:28:54,387 - INFO - Iteration 20, Losses: {'ner': 3.0880076969692682}
2024-08-19 21:28:55,310 - INFO - Iteration 21, Losses: {'ner': 0.05447442409910561}
2024-08-19 21:28:56,425 - INFO - Iteration 22, Losses: {'ner': 0.8249034919097561}
2024-08-19 21:28:57,586 - INFO - Iteration 23, Losses: {'ner': 2.959410604596483}
2024-08-19 21:28:58,510 - INFO - Iteration 24, Losses: {'ner': 0.5344405777105553}
2024-08-19 21:28:59,637 - INFO - Iteration 25, Losses: {'ner': 1.5050310593411438}
2024-08-19 21:29:00,560 - INFO - Iteration 26, Losses: {'ner': 0.4088629011557266}
2024-08-19 21:29:00,560 - INFO - Early stopping: No improvement in loss for the last 5 iterations.
2024-08-19 21:29:00,670 - ERROR - Error extracting entities from CSV: [E1041] Expected a string, Doc, or bytes as input, but got: <class 'float'>
2024-08-19 21:29:00,670 - INFO - Entities extracted and saved to: C:\Users\Vishwas\Desktop\Interview docs\Vanilla Steel\supplier_data_standardization_for_metal_trading\data\final_combined_output_with_entities.csv
