2024-08-20 10:29:55,762 - INFO - Created vocabulary
2024-08-20 10:29:55,777 - INFO - Finished initializing nlp object
2024-08-20 10:29:56,841 - INFO - Iteration 1, Losses: {'ner': 2046.7740122675896}
2024-08-20 10:29:57,796 - INFO - Iteration 2, Losses: {'ner': 1164.0312289021094}
2024-08-20 10:29:58,781 - INFO - Iteration 3, Losses: {'ner': 437.27856295388176}
2024-08-20 10:29:59,798 - INFO - Iteration 4, Losses: {'ner': 153.05310351437066}
2024-08-20 10:30:00,814 - INFO - Iteration 5, Losses: {'ner': 125.56195944538433}
2024-08-20 10:30:01,783 - INFO - Iteration 6, Losses: {'ner': 22.776802864288392}
2024-08-20 10:30:02,689 - INFO - Iteration 7, Losses: {'ner': 24.67492442577008}
2024-08-20 10:30:03,595 - INFO - Iteration 8, Losses: {'ner': 8.793265754173081}
2024-08-20 10:30:04,517 - INFO - Iteration 9, Losses: {'ner': 7.402253664254663}
2024-08-20 10:30:05,471 - INFO - Iteration 10, Losses: {'ner': 4.156455623819507}
2024-08-20 10:30:06,503 - INFO - Iteration 11, Losses: {'ner': 0.632278168199911}
2024-08-20 10:30:07,488 - INFO - Iteration 12, Losses: {'ner': 0.20015735934149148}
2024-08-20 10:30:08,561 - INFO - Iteration 13, Losses: {'ner': 0.2410165952998924}
2024-08-20 10:30:09,595 - INFO - Iteration 14, Losses: {'ner': 0.5728459847963652}
2024-08-20 10:30:10,596 - INFO - Iteration 15, Losses: {'ner': 2.541263207670418}
2024-08-20 10:30:11,630 - INFO - Iteration 16, Losses: {'ner': 2.9763329349622665}
2024-08-20 10:30:12,662 - INFO - Iteration 17, Losses: {'ner': 0.04381285005888386}
2024-08-20 10:30:13,631 - INFO - Iteration 18, Losses: {'ner': 0.14621674429414647}
2024-08-20 10:30:14,617 - INFO - Iteration 19, Losses: {'ner': 0.00021030904655876302}
2024-08-20 10:30:15,635 - INFO - Iteration 20, Losses: {'ner': 1.730111738228868}
2024-08-20 10:30:16,542 - INFO - Iteration 21, Losses: {'ner': 2.5261270646855074}
2024-08-20 10:30:17,484 - INFO - Iteration 22, Losses: {'ner': 1.8975002080096437}
2024-08-20 10:30:18,546 - INFO - Iteration 23, Losses: {'ner': 0.004499735711939716}
2024-08-20 10:30:19,516 - INFO - Iteration 24, Losses: {'ner': 1.992259228969763}
2024-08-20 10:30:19,516 - INFO - Early stopping: No improvement in loss for the last 5 iterations.
2024-08-20 10:30:20,345 - INFO - Entities extracted and saved to: C:\Users\Vishwas\Desktop\Interview docs\Vanilla Steel\supplier_data_standardization_for_metal_trading\data\final_combined_output_with_entities.csv
2024-08-20 10:30:20,345 - INFO - Entities extracted and saved to: C:\Users\Vishwas\Desktop\Interview docs\Vanilla Steel\supplier_data_standardization_for_metal_trading\data\final_combined_output_with_entities.csv
