2024-08-20 09:54:16,688 - INFO - Created vocabulary
2024-08-20 09:54:16,688 - INFO - Finished initializing nlp object
2024-08-20 09:54:17,911 - INFO - Iteration 1, Losses: {'ner': 2079.5225416868925}
2024-08-20 09:54:19,058 - INFO - Iteration 2, Losses: {'ner': 1606.6969683631323}
2024-08-20 09:54:20,146 - INFO - Iteration 3, Losses: {'ner': 470.32541873984314}
2024-08-20 09:54:21,259 - INFO - Iteration 4, Losses: {'ner': 246.32731716125312}
2024-08-20 09:54:22,621 - INFO - Iteration 5, Losses: {'ner': 181.18872098573814}
2024-08-20 09:54:23,857 - INFO - Iteration 6, Losses: {'ner': 57.13855889257337}
2024-08-20 09:54:25,078 - INFO - Iteration 7, Losses: {'ner': 28.805351824253336}
2024-08-20 09:54:26,126 - INFO - Iteration 8, Losses: {'ner': 49.39459215940727}
2024-08-20 09:54:27,159 - INFO - Iteration 9, Losses: {'ner': 63.71359820780117}
2024-08-20 09:54:28,193 - INFO - Iteration 10, Losses: {'ner': 14.52176520401581}
2024-08-20 09:54:29,211 - INFO - Iteration 11, Losses: {'ner': 9.8650049310098}
2024-08-20 09:54:30,259 - INFO - Iteration 12, Losses: {'ner': 32.4089367513697}
2024-08-20 09:54:31,259 - INFO - Iteration 13, Losses: {'ner': 4.945508480408706}
2024-08-20 09:54:32,230 - INFO - Iteration 14, Losses: {'ner': 3.1545336648170617}
2024-08-20 09:54:33,298 - INFO - Iteration 15, Losses: {'ner': 1.7618926045988696}
2024-08-20 09:54:34,393 - INFO - Iteration 16, Losses: {'ner': 1.8843406851558244}
2024-08-20 09:54:35,377 - INFO - Iteration 17, Losses: {'ner': 4.687501734244593}
2024-08-20 09:54:36,364 - INFO - Iteration 18, Losses: {'ner': 1.338424495600752}
2024-08-20 09:54:37,352 - INFO - Iteration 19, Losses: {'ner': 4.012300622311257}
2024-08-20 09:54:38,415 - INFO - Iteration 20, Losses: {'ner': 0.6883226642740354}
2024-08-20 09:54:39,478 - INFO - Iteration 21, Losses: {'ner': 0.7362837267571067}
2024-08-20 09:54:40,572 - INFO - Iteration 22, Losses: {'ner': 0.0015999966911234072}
2024-08-20 09:54:41,637 - INFO - Iteration 23, Losses: {'ner': 0.1800390701493548}
2024-08-20 09:54:42,701 - INFO - Iteration 24, Losses: {'ner': 0.0004361273221403901}
2024-08-20 09:54:43,797 - INFO - Iteration 25, Losses: {'ner': 3.670067296087891e-05}
2024-08-20 09:54:44,972 - INFO - Iteration 26, Losses: {'ner': 1.6492435219001222}
2024-08-20 09:54:46,145 - INFO - Iteration 27, Losses: {'ner': 0.20063968465157095}
2024-08-20 09:54:47,240 - INFO - Iteration 28, Losses: {'ner': 0.003279011155661268}
2024-08-20 09:54:48,398 - INFO - Iteration 29, Losses: {'ner': 0.029150967901936616}
2024-08-20 09:54:49,571 - INFO - Iteration 30, Losses: {'ner': 0.04917615638590874}
2024-08-20 09:54:50,698 - INFO - Iteration 31, Losses: {'ner': 0.020334145512356176}
2024-08-20 09:54:51,866 - INFO - Iteration 32, Losses: {'ner': 0.20157942159173423}
2024-08-20 09:54:53,168 - INFO - Iteration 33, Losses: {'ner': 1.4744170998178032}
2024-08-20 09:54:54,321 - INFO - Iteration 34, Losses: {'ner': 1.064878717427916e-05}
2024-08-20 09:54:55,376 - INFO - Iteration 35, Losses: {'ner': 0.0046394655374618335}
2024-08-20 09:54:56,549 - INFO - Iteration 36, Losses: {'ner': 0.025172123087242503}
2024-08-20 09:54:57,814 - INFO - Iteration 37, Losses: {'ner': 1.995335999791957}
2024-08-20 09:54:59,003 - INFO - Iteration 38, Losses: {'ner': 0.000446828595596444}
2024-08-20 09:55:00,146 - INFO - Iteration 39, Losses: {'ner': 3.0774846983901056e-06}
2024-08-20 09:55:01,524 - INFO - Iteration 40, Losses: {'ner': 0.9136658933891113}
2024-08-20 09:55:03,035 - INFO - Iteration 41, Losses: {'ner': 0.25865875117333215}
2024-08-20 09:55:04,303 - INFO - Iteration 42, Losses: {'ner': 2.242700765979615e-05}
2024-08-20 09:55:06,083 - INFO - Iteration 43, Losses: {'ner': 2.0975810016815075e-06}
2024-08-20 09:55:07,179 - INFO - Iteration 44, Losses: {'ner': 0.031086934989605967}
2024-08-20 09:55:08,605 - INFO - Iteration 45, Losses: {'ner': 1.2533969987365416e-05}
2024-08-20 09:55:09,914 - INFO - Iteration 46, Losses: {'ner': 0.00944907523178704}
2024-08-20 09:55:11,235 - INFO - Iteration 47, Losses: {'ner': 0.01892308140026129}
2024-08-20 09:55:12,934 - INFO - Iteration 48, Losses: {'ner': 0.0002284946352063244}
2024-08-20 09:55:14,202 - INFO - Iteration 49, Losses: {'ner': 1.9847443560379832}
2024-08-20 09:55:15,344 - INFO - Iteration 50, Losses: {'ner': 3.668531811554464}
2024-08-20 09:55:16,881 - INFO - Iteration 51, Losses: {'ner': 1.149566329216801}
2024-08-20 09:55:18,162 - INFO - Iteration 52, Losses: {'ner': 0.4196030030743663}
2024-08-20 09:55:19,261 - INFO - Iteration 53, Losses: {'ner': 6.243309378713536e-05}
2024-08-20 09:55:20,713 - INFO - Iteration 54, Losses: {'ner': 0.1581317552940694}
2024-08-20 09:55:22,276 - INFO - Iteration 55, Losses: {'ner': 0.6912054390311697}
2024-08-20 09:55:23,512 - INFO - Iteration 56, Losses: {'ner': 0.22958771449065518}
2024-08-20 09:55:25,286 - INFO - Iteration 57, Losses: {'ner': 0.13079463410338524}
2024-08-20 09:55:26,599 - INFO - Iteration 58, Losses: {'ner': 0.022564212179924655}
2024-08-20 09:55:27,962 - INFO - Iteration 59, Losses: {'ner': 1.8032536690976615}
2024-08-20 09:55:29,152 - INFO - Iteration 60, Losses: {'ner': 0.1527986054859822}
2024-08-20 09:55:30,465 - INFO - Iteration 61, Losses: {'ner': 3.276406977148279}
2024-08-20 09:55:31,529 - INFO - Iteration 62, Losses: {'ner': 3.2101760538994024}
2024-08-20 09:55:32,718 - INFO - Iteration 63, Losses: {'ner': 2.688277784008326}
2024-08-20 09:55:33,829 - INFO - Iteration 64, Losses: {'ner': 0.0016836541139609276}
2024-08-20 09:55:34,957 - INFO - Iteration 65, Losses: {'ner': 0.0005619381510439189}
2024-08-20 09:55:36,295 - INFO - Iteration 66, Losses: {'ner': 3.153850986020475}
2024-08-20 09:55:37,677 - INFO - Iteration 67, Losses: {'ner': 1.7131147400068052}
2024-08-20 09:55:39,242 - INFO - Iteration 68, Losses: {'ner': 2.746260634889248}
2024-08-20 09:55:41,039 - INFO - Iteration 69, Losses: {'ner': 1.9687716019172017}
2024-08-20 09:55:42,543 - INFO - Iteration 70, Losses: {'ner': 0.30819641996957226}
2024-08-20 09:55:43,942 - INFO - Iteration 71, Losses: {'ner': 0.6811723625990534}
2024-08-20 09:55:45,638 - INFO - Iteration 72, Losses: {'ner': 0.15192263483211693}
2024-08-20 09:55:47,726 - INFO - Iteration 73, Losses: {'ner': 5.6175299653586075}
2024-08-20 09:55:50,993 - INFO - Iteration 74, Losses: {'ner': 1.0820255790025065e-07}
2024-08-20 09:55:53,529 - INFO - Iteration 75, Losses: {'ner': 1.92044395762145}
2024-08-20 09:55:54,891 - INFO - Iteration 76, Losses: {'ner': 0.15665394491659115}
2024-08-20 09:55:56,411 - INFO - Iteration 77, Losses: {'ner': 1.2426968263878404}
2024-08-20 09:55:57,820 - INFO - Iteration 78, Losses: {'ner': 2.0244477420725997}
2024-08-20 09:55:59,196 - INFO - Iteration 79, Losses: {'ner': 9.468101012267995e-09}
2024-08-20 09:56:00,602 - INFO - Iteration 80, Losses: {'ner': 0.053948825712437316}
2024-08-20 09:56:02,040 - INFO - Iteration 81, Losses: {'ner': 0.01461611123933362}
2024-08-20 09:56:03,463 - INFO - Iteration 82, Losses: {'ner': 0.493004868503622}
2024-08-20 09:56:04,900 - INFO - Iteration 83, Losses: {'ner': 1.0605020892522562e-07}
2024-08-20 09:56:06,486 - INFO - Iteration 84, Losses: {'ner': 6.060495880684175e-05}
2024-08-20 09:56:07,809 - INFO - Iteration 85, Losses: {'ner': 0.6696726181655407}
2024-08-20 09:56:09,273 - INFO - Iteration 86, Losses: {'ner': 4.006465465410614}
2024-08-20 09:56:10,661 - INFO - Iteration 87, Losses: {'ner': 0.043326646443368325}
2024-08-20 09:56:11,976 - INFO - Iteration 88, Losses: {'ner': 0.15178736544602023}
2024-08-20 09:56:13,150 - INFO - Iteration 89, Losses: {'ner': 0.06546894299425611}
2024-08-20 09:56:14,432 - INFO - Iteration 90, Losses: {'ner': 2.140517416641918}
2024-08-20 09:56:15,588 - INFO - Iteration 91, Losses: {'ner': 3.4627168983757453}
2024-08-20 09:56:16,935 - INFO - Iteration 92, Losses: {'ner': 2.0351026458378563}
2024-08-20 09:56:18,313 - INFO - Iteration 93, Losses: {'ner': 7.176413252076803e-09}
2024-08-20 09:56:19,439 - INFO - Iteration 94, Losses: {'ner': 0.4197311274770694}
2024-08-20 09:56:20,641 - INFO - Iteration 95, Losses: {'ner': 0.005056814224499359}
2024-08-20 09:56:21,878 - INFO - Iteration 96, Losses: {'ner': 0.0522910319639156}
2024-08-20 09:56:23,209 - INFO - Iteration 97, Losses: {'ner': 0.026746802303786423}
2024-08-20 09:56:24,366 - INFO - Iteration 98, Losses: {'ner': 2.481639393547747e-05}
2024-08-20 09:56:25,554 - INFO - Iteration 99, Losses: {'ner': 1.1044747093624316}
2024-08-20 09:56:27,011 - INFO - Iteration 100, Losses: {'ner': 2.2160814523394317}
2024-08-20 09:56:29,039 - INFO - Entities extracted and saved to: C:\Users\Vishwas\Desktop\Interview docs\Vanilla Steel\supplier_data_standardization_for_metal_trading\data\final_combined_output_with_entities.csv
2024-08-20 09:56:29,039 - INFO - Entities extracted and saved to: C:\Users\Vishwas\Desktop\Interview docs\Vanilla Steel\supplier_data_standardization_for_metal_trading\data\final_combined_output_with_entities.csv
